\BOOKMARK [0][-]{chapter.1}{\376\377\0001\000\040\000N\000a\000m\000e\000s\000p\000a\000c\000e\000\040\000I\000n\000d\000e\000x}{}% 1
\BOOKMARK [1][-]{section.1.1}{\376\377\0001\000.\0001\000\040\000N\000a\000m\000e\000s\000p\000a\000c\000e\000\040\000L\000i\000s\000t}{chapter.1}% 2
\BOOKMARK [0][-]{chapter.2}{\376\377\0002\000\040\000F\000i\000l\000e\000\040\000I\000n\000d\000e\000x}{}% 3
\BOOKMARK [1][-]{section.2.1}{\376\377\0002\000.\0001\000\040\000F\000i\000l\000e\000\040\000L\000i\000s\000t}{chapter.2}% 4
\BOOKMARK [0][-]{chapter.3}{\376\377\0003\000\040\000N\000a\000m\000e\000s\000p\000a\000c\000e\000\040\000D\000o\000c\000u\000m\000e\000n\000t\000a\000t\000i\000o\000n}{}% 5
\BOOKMARK [1][-]{section.3.1}{\376\377\0003\000.\0001\000\040\000g\000r\000a\000f\000i\000c\000a\000s\000\040\000N\000a\000m\000e\000s\000p\000a\000c\000e\000\040\000R\000e\000f\000e\000r\000e\000n\000c\000e}{chapter.3}% 6
\BOOKMARK [2][-]{subsection.3.1.1}{\376\377\0003\000.\0001\000.\0001\000\040\000F\000u\000n\000c\000t\000i\000o\000n\000\040\000D\000o\000c\000u\000m\000e\000n\000t\000a\000t\000i\000o\000n}{section.3.1}% 7
\BOOKMARK [3][-]{subsubsection.3.1.1.1}{\376\377\0003\000.\0001\000.\0001\000.\0001\000\040\000p\000l\000o\000t\000\137\000c\000o\000m\000p\000a\000r\000a\000t\000i\000v\000e\000\137\0003\000d\000\050\000\051}{subsection.3.1.1}% 8
\BOOKMARK [3][-]{subsubsection.3.1.1.2}{\376\377\0003\000.\0001\000.\0001\000.\0002\000\040\000s\000o\000l\000\137\000a\000n\000a\000l\000i\000t\000i\000c\000a\000\050\000\051}{subsection.3.1.1}% 9
\BOOKMARK [2][-]{subsection.3.1.2}{\376\377\0003\000.\0001\000.\0002\000\040\000V\000a\000r\000i\000a\000b\000l\000e\000\040\000D\000o\000c\000u\000m\000e\000n\000t\000a\000t\000i\000o\000n}{section.3.1}% 10
\BOOKMARK [3][-]{subsubsection.3.1.2.1}{\376\377\0003\000.\0001\000.\0002\000.\0001\000\040\000a\000r\000c\000h\000i\000v\000o\000s}{subsection.3.1.2}% 11
\BOOKMARK [3][-]{subsubsection.3.1.2.2}{\376\377\0003\000.\0001\000.\0002\000.\0002\000\040\000e\000x\000i\000s\000t\000\137\000o\000k}{subsection.3.1.2}% 12
\BOOKMARK [3][-]{subsubsection.3.1.2.3}{\376\377\0003\000.\0001\000.\0002\000.\0003\000\040\000s\000a\000l\000i\000d\000a}{subsection.3.1.2}% 13
\BOOKMARK [0][-]{chapter.4}{\376\377\0004\000\040\000F\000i\000l\000e\000\040\000D\000o\000c\000u\000m\000e\000n\000t\000a\000t\000i\000o\000n}{}% 14
\BOOKMARK [1][-]{section.4.1}{\376\377\0004\000.\0001\000\040\000b\000e\000n\000c\000h\000m\000a\000r\000k\000.\000s\000h\000\040\000F\000i\000l\000e\000\040\000R\000e\000f\000e\000r\000e\000n\000c\000e}{chapter.4}% 15
\BOOKMARK [1][-]{section.4.2}{\376\377\0004\000.\0002\000\040\000b\000e\000n\000c\000h\000m\000a\000r\000k\000.\000s\000h}{chapter.4}% 16
\BOOKMARK [1][-]{section.4.3}{\376\377\0004\000.\0003\000\040\000g\000r\000a\000f\000i\000c\000a\000s\000.\000p\000y\000\040\000F\000i\000l\000e\000\040\000R\000e\000f\000e\000r\000e\000n\000c\000e}{chapter.4}% 17
\BOOKMARK [1][-]{section.4.4}{\376\377\0004\000.\0004\000\040\000g\000r\000a\000f\000i\000c\000a\000s\000.\000p\000y}{chapter.4}% 18
\BOOKMARK [1][-]{section.4.5}{\376\377\0004\000.\0005\000\040\000p\000o\000i\000s\000s\000o\000n\000\137\000a\000t\000o\000m\000i\000c\000.\000c\000p\000p\000\040\000F\000i\000l\000e\000\040\000R\000e\000f\000e\000r\000e\000n\000c\000e}{chapter.4}% 19
\BOOKMARK [2][-]{subsection.4.5.1}{\376\377\0004\000.\0005\000.\0001\000\040\000F\000u\000n\000c\000t\000i\000o\000n\000\040\000D\000o\000c\000u\000m\000e\000n\000t\000a\000t\000i\000o\000n}{section.4.5}% 20
\BOOKMARK [3][-]{subsubsection.4.5.1.1}{\376\377\0004\000.\0005\000.\0001\000.\0001\000\040\000m\000a\000i\000n\000\050\000\051}{subsection.4.5.1}% 21
\BOOKMARK [3][-]{subsubsection.4.5.1.2}{\376\377\0004\000.\0005\000.\0001\000.\0002\000\040\000s\000o\000l\000v\000e\000\137\000p\000o\000i\000s\000s\000o\000n\000\050\000\051}{subsection.4.5.1}% 22
\BOOKMARK [1][-]{section.4.6}{\376\377\0004\000.\0006\000\040\000p\000o\000i\000s\000s\000o\000n\000\137\000a\000t\000o\000m\000i\000c\000.\000c\000p\000p}{chapter.4}% 23
\BOOKMARK [1][-]{section.4.7}{\376\377\0004\000.\0007\000\040\000p\000o\000i\000s\000s\000o\000n\000\137\000c\000r\000i\000t\000i\000c\000a\000l\000.\000c\000p\000p\000\040\000F\000i\000l\000e\000\040\000R\000e\000f\000e\000r\000e\000n\000c\000e}{chapter.4}% 24
\BOOKMARK [2][-]{subsection.4.7.1}{\376\377\0004\000.\0007\000.\0001\000\040\000F\000u\000n\000c\000t\000i\000o\000n\000\040\000D\000o\000c\000u\000m\000e\000n\000t\000a\000t\000i\000o\000n}{section.4.7}% 25
\BOOKMARK [3][-]{subsubsection.4.7.1.1}{\376\377\0004\000.\0007\000.\0001\000.\0001\000\040\000m\000a\000i\000n\000\050\000\051}{subsection.4.7.1}% 26
\BOOKMARK [3][-]{subsubsection.4.7.1.2}{\376\377\0004\000.\0007\000.\0001\000.\0002\000\040\000s\000o\000l\000v\000e\000\137\000p\000o\000i\000s\000s\000o\000n\000\050\000\051}{subsection.4.7.1}% 27
\BOOKMARK [1][-]{section.4.8}{\376\377\0004\000.\0008\000\040\000p\000o\000i\000s\000s\000o\000n\000\137\000c\000r\000i\000t\000i\000c\000a\000l\000.\000c\000p\000p}{chapter.4}% 28
\BOOKMARK [1][-]{section.4.9}{\376\377\0004\000.\0009\000\040\000p\000o\000i\000s\000s\000o\000n\000\137\000p\000a\000r\000a\000l\000l\000e\000l\000\137\000f\000o\000r\000.\000c\000p\000p\000\040\000F\000i\000l\000e\000\040\000R\000e\000f\000e\000r\000e\000n\000c\000e}{chapter.4}% 29
\BOOKMARK [2][-]{subsection.4.9.1}{\376\377\0004\000.\0009\000.\0001\000\040\000F\000u\000n\000c\000t\000i\000o\000n\000\040\000D\000o\000c\000u\000m\000e\000n\000t\000a\000t\000i\000o\000n}{section.4.9}% 30
\BOOKMARK [3][-]{subsubsection.4.9.1.1}{\376\377\0004\000.\0009\000.\0001\000.\0001\000\040\000m\000a\000i\000n\000\050\000\051}{subsection.4.9.1}% 31
\BOOKMARK [3][-]{subsubsection.4.9.1.2}{\376\377\0004\000.\0009\000.\0001\000.\0002\000\040\000s\000o\000l\000v\000e\000\137\000p\000o\000i\000s\000s\000o\000n\000\050\000\051}{subsection.4.9.1}% 32
\BOOKMARK [1][-]{section.4.10}{\376\377\0004\000.\0001\0000\000\040\000p\000o\000i\000s\000s\000o\000n\000\137\000p\000a\000r\000a\000l\000l\000e\000l\000\137\000f\000o\000r\000.\000c\000p\000p}{chapter.4}% 33
\BOOKMARK [1][-]{section.4.11}{\376\377\0004\000.\0001\0001\000\040\000p\000o\000i\000s\000s\000o\000n\000\137\000s\000e\000r\000i\000a\000l\000.\000c\000p\000p\000\040\000F\000i\000l\000e\000\040\000R\000e\000f\000e\000r\000e\000n\000c\000e}{chapter.4}% 34
\BOOKMARK [2][-]{subsection.4.11.1}{\376\377\0004\000.\0001\0001\000.\0001\000\040\000F\000u\000n\000c\000t\000i\000o\000n\000\040\000D\000o\000c\000u\000m\000e\000n\000t\000a\000t\000i\000o\000n}{section.4.11}% 35
\BOOKMARK [3][-]{subsubsection.4.11.1.1}{\376\377\0004\000.\0001\0001\000.\0001\000.\0001\000\040\000m\000a\000i\000n\000\050\000\051}{subsection.4.11.1}% 36
\BOOKMARK [3][-]{subsubsection.4.11.1.2}{\376\377\0004\000.\0001\0001\000.\0001\000.\0002\000\040\000s\000o\000l\000v\000e\000\137\000p\000o\000i\000s\000s\000o\000n\000\050\000\051}{subsection.4.11.1}% 37
\BOOKMARK [1][-]{section.4.12}{\376\377\0004\000.\0001\0002\000\040\000p\000o\000i\000s\000s\000o\000n\000\137\000s\000e\000r\000i\000a\000l\000.\000c\000p\000p}{chapter.4}% 38
\BOOKMARK [1][-]{section.4.13}{\376\377\0004\000.\0001\0003\000\040\000p\000o\000i\000s\000s\000o\000n\000\137\000t\000a\000s\000k\000.\000c\000p\000p\000\040\000F\000i\000l\000e\000\040\000R\000e\000f\000e\000r\000e\000n\000c\000e}{chapter.4}% 39
\BOOKMARK [2][-]{subsection.4.13.1}{\376\377\0004\000.\0001\0003\000.\0001\000\040\000F\000u\000n\000c\000t\000i\000o\000n\000\040\000D\000o\000c\000u\000m\000e\000n\000t\000a\000t\000i\000o\000n}{section.4.13}% 40
\BOOKMARK [3][-]{subsubsection.4.13.1.1}{\376\377\0004\000.\0001\0003\000.\0001\000.\0001\000\040\000m\000a\000i\000n\000\050\000\051}{subsection.4.13.1}% 41
\BOOKMARK [3][-]{subsubsection.4.13.1.2}{\376\377\0004\000.\0001\0003\000.\0001\000.\0002\000\040\000s\000o\000l\000v\000e\000\137\000p\000o\000i\000s\000s\000o\000n\000\050\000\051}{subsection.4.13.1}% 42
\BOOKMARK [1][-]{section.4.14}{\376\377\0004\000.\0001\0004\000\040\000p\000o\000i\000s\000s\000o\000n\000\137\000t\000a\000s\000k\000.\000c\000p\000p}{chapter.4}% 43
\BOOKMARK [1][-]{section.4.15}{\376\377\0004\000.\0001\0005\000\040\000u\000t\000i\000l\000s\000.\000h\000\040\000F\000i\000l\000e\000\040\000R\000e\000f\000e\000r\000e\000n\000c\000e}{chapter.4}% 44
\BOOKMARK [2][-]{subsection.4.15.1}{\376\377\0004\000.\0001\0005\000.\0001\000\040\000M\000a\000c\000r\000o\000\040\000D\000e\000f\000i\000n\000i\000t\000i\000o\000n\000\040\000D\000o\000c\000u\000m\000e\000n\000t\000a\000t\000i\000o\000n}{section.4.15}% 45
\BOOKMARK [3][-]{subsubsection.4.15.1.1}{\376\377\0004\000.\0001\0005\000.\0001\000.\0001\000\040\000V\000A\000L\000O\000R\000\137\000M}{subsection.4.15.1}% 46
\BOOKMARK [3][-]{subsubsection.4.15.1.2}{\376\377\0004\000.\0001\0005\000.\0001\000.\0002\000\040\000V\000A\000L\000O\000R\000\137\000N}{subsection.4.15.1}% 47
\BOOKMARK [2][-]{subsection.4.15.2}{\376\377\0004\000.\0001\0005\000.\0002\000\040\000F\000u\000n\000c\000t\000i\000o\000n\000\040\000D\000o\000c\000u\000m\000e\000n\000t\000a\000t\000i\000o\000n}{section.4.15}% 48
\BOOKMARK [3][-]{subsubsection.4.15.2.1}{\376\377\0004\000.\0001\0005\000.\0002\000.\0001\000\040\000e\000x\000a\000c\000t\000\137\000s\000o\000l\000\050\000\051}{subsection.4.15.2}% 49
\BOOKMARK [3][-]{subsubsection.4.15.2.2}{\376\377\0004\000.\0001\0005\000.\0002\000.\0002\000\040\000e\000x\000p\000o\000r\000t\000\137\000t\000o\000\137\000f\000i\000l\000e\000\050\000\051}{subsection.4.15.2}% 50
\BOOKMARK [3][-]{subsubsection.4.15.2.3}{\376\377\0004\000.\0001\0005\000.\0002\000.\0003\000\040\000g\000e\000t\000\137\000d\000o\000m\000a\000i\000n\000\050\000\051}{subsection.4.15.2}% 51
\BOOKMARK [3][-]{subsubsection.4.15.2.4}{\376\377\0004\000.\0001\0005\000.\0002\000.\0004\000\040\000g\000e\000t\000\137\000s\000o\000u\000r\000c\000e\000\137\000m\000a\000t\000r\000i\000x\000\050\000\051}{subsection.4.15.2}% 52
\BOOKMARK [3][-]{subsubsection.4.15.2.5}{\376\377\0004\000.\0001\0005\000.\0002\000.\0005\000\040\000i\000n\000i\000t\000i\000a\000l\000i\000z\000e\000\137\000g\000r\000i\000d\000\050\000\051}{subsection.4.15.2}% 53
\BOOKMARK [3][-]{subsubsection.4.15.2.6}{\376\377\0004\000.\0001\0005\000.\0002\000.\0006\000\040\000s\000o\000u\000r\000c\000e\000\137\000f\000u\000n\000c\000\050\000\051}{subsection.4.15.2}% 54
\BOOKMARK [2][-]{subsection.4.15.3}{\376\377\0004\000.\0001\0005\000.\0003\000\040\000V\000a\000r\000i\000a\000b\000l\000e\000\040\000D\000o\000c\000u\000m\000e\000n\000t\000a\000t\000i\000o\000n}{section.4.15}% 55
\BOOKMARK [3][-]{subsubsection.4.15.3.1}{\376\377\0004\000.\0001\0005\000.\0003\000.\0001\000\040\000T\000O\000L}{subsection.4.15.3}% 56
\BOOKMARK [1][-]{section.4.16}{\376\377\0004\000.\0001\0006\000\040\000u\000t\000i\000l\000s\000.\000h}{chapter.4}% 57
\BOOKMARK [0][-]{section*.42}{\376\377\000I\000n\000d\000e\000x}{}% 58
